# JRE version: Java(TM) SE Runtime Environment (8.0_171-b11) (build 1.8.0_171-b11)
# Java VM: Java HotSpot(TM) 64-Bit Server VM (25.171-b11 mixed mode linux-amd64 compressed oops)
Heap:
 PSYoungGen      total 191488K, used 128596K [0x000000074dd00000, 0x0000000765300000, 0x00000007c0000000)
  eden space 177152K, 72% used [0x000000074dd00000,0x0000000755a95348,0x0000000758a00000)
  from space 14336K, 0% used [0x0000000758a00000,0x0000000758a00000,0x0000000759800000)
  to   space 14336K, 0% used [0x0000000764500000,0x0000000764500000,0x0000000765300000)
 ParOldGen       total 162816K, used 17388K [0x0000000669600000, 0x0000000673500000, 0x000000074dd00000)
  object space 162816K, 10% used [0x0000000669600000,0x000000066a6fb090,0x0000000673500000)
 Metaspace       used 29163K, capacity 30170K, committed 30464K, reserved 1075200K
  class space    used 3514K, capacity 3799K, committed 3840K, reserved 1048576K
GC Heap History (8 events):
Event: 3.475 GC heap before
{Heap before GC invocations=1 (full 0):
 PSYoungGen      total 102912K, used 88576K [0x000000074dd00000, 0x0000000754f80000, 0x00000007c0000000)
  eden space 88576K, 100% used [0x000000074dd00000,0x0000000753380000,0x0000000753380000)
  from space 14336K, 0% used [0x0000000754180000,0x0000000754180000,0x0000000754f80000)
  to   space 14336K, 0% used [0x0000000753380000,0x0000000753380000,0x0000000754180000)
 ParOldGen       total 235008K, used 0K [0x0000000669600000, 0x0000000677b80000, 0x000000074dd00000)
  object space 235008K, 0% used [0x0000000669600000,0x0000000669600000,0x0000000677b80000)
 Metaspace       used 14051K, capacity 14214K, committed 14464K, reserved 1062912K
  class space    used 1754K, capacity 1833K, committed 1920K, reserved 1048576K
Event: 3.518 GC heap after
Heap after GC invocations=1 (full 0):
 PSYoungGen      total 102912K, used 11912K [0x000000074dd00000, 0x000000075a600000, 0x00000007c0000000)
  eden space 88576K, 0% used [0x000000074dd00000,0x000000074dd00000,0x0000000753380000)
  from space 14336K, 83% used [0x0000000753380000,0x0000000753f22110,0x0000000754180000)
  to   space 14336K, 0% used [0x0000000759800000,0x0000000759800000,0x000000075a600000)
 ParOldGen       total 235008K, used 16K [0x0000000669600000, 0x0000000677b80000, 0x000000074dd00000)
  object space 235008K, 0% used [0x0000000669600000,0x0000000669604000,0x0000000677b80000)
 Metaspace       used 14051K, capacity 14214K, committed 14464K, reserved 1062912K
  class space    used 1754K, capacity 1833K, committed 1920K, reserved 1048576K
}
Event: 5.662 GC heap before
{Heap before GC invocations=2 (full 0):
 PSYoungGen      total 102912K, used 100488K [0x000000074dd00000, 0x000000075a600000, 0x00000007c0000000)
  eden space 88576K, 100% used [0x000000074dd00000,0x0000000753380000,0x0000000753380000)
  from space 14336K, 83% used [0x0000000753380000,0x0000000753f22110,0x0000000754180000)
  to   space 14336K, 0% used [0x0000000759800000,0x0000000759800000,0x000000075a600000)
 ParOldGen       total 235008K, used 16K [0x0000000669600000, 0x0000000677b80000, 0x000000074dd00000)
  object space 235008K, 0% used [0x0000000669600000,0x0000000669604000,0x0000000677b80000)
 Metaspace       used 16826K, capacity 17008K, committed 17280K, reserved 1064960K
  class space    used 1990K, capacity 2070K, committed 2176K, reserved 1048576K
Event: 5.706 GC heap after
Heap after GC invocations=2 (full 0):
 PSYoungGen      total 191488K, used 11121K [0x000000074dd00000, 0x000000075a600000, 0x00000007c0000000)
  eden space 177152K, 0% used [0x000000074dd00000,0x000000074dd00000,0x0000000758a00000)
  from space 14336K, 77% used [0x0000000759800000,0x000000075a2dc7b8,0x000000075a600000)
  to   space 14336K, 0% used [0x0000000758a00000,0x0000000758a00000,0x0000000759800000)
 ParOldGen       total 235008K, used 16K [0x0000000669600000, 0x0000000677b80000, 0x000000074dd00000)
  object space 235008K, 0% used [0x0000000669600000,0x0000000669604000,0x0000000677b80000)
 Metaspace       used 16826K, capacity 17008K, committed 17280K, reserved 1064960K
  class space    used 1990K, capacity 2070K, committed 2176K, reserved 1048576K
}
Event: 8.373 GC heap before
{Heap before GC invocations=3 (full 0):
 PSYoungGen      total 191488K, used 134101K [0x000000074dd00000, 0x000000075a600000, 0x00000007c0000000)
  eden space 177152K, 69% used [0x000000074dd00000,0x0000000755518cb8,0x0000000758a00000)
  from space 14336K, 77% used [0x0000000759800000,0x000000075a2dc7b8,0x000000075a600000)
  to   space 14336K, 0% used [0x0000000758a00000,0x0000000758a00000,0x0000000759800000)
 ParOldGen       total 235008K, used 16K [0x0000000669600000, 0x0000000677b80000, 0x000000074dd00000)
  object space 235008K, 0% used [0x0000000669600000,0x0000000669604000,0x0000000677b80000)
 Metaspace       used 20470K, capacity 21120K, committed 21296K, reserved 1069056K
  class space    used 2403K, capacity 2599K, committed 2688K, reserved 1048576K
Event: 8.436 GC heap after
Heap after GC invocations=3 (full 0):
 PSYoungGen      total 191488K, used 14320K [0x000000074dd00000, 0x0000000765300000, 0x00000007c0000000)
  eden space 177152K, 0% used [0x000000074dd00000,0x000000074dd00000,0x0000000758a00000)
  from space 14336K, 99% used [0x0000000758a00000,0x00000007597fc010,0x0000000759800000)
  to   space 14336K, 0% used [0x0000000764500000,0x0000000764500000,0x0000000765300000)
 ParOldGen       total 235008K, used 3288K [0x0000000669600000, 0x0000000677b80000, 0x000000074dd00000)
  object space 235008K, 1% used [0x0000000669600000,0x00000006699363d8,0x0000000677b80000)
 Metaspace       used 20470K, capacity 21120K, committed 21296K, reserved 1069056K
  class space    used 2403K, capacity 2599K, committed 2688K, reserved 1048576K
}
Event: 8.436 GC heap before
{Heap before GC invocations=4 (full 1):
 PSYoungGen      total 191488K, used 14320K [0x000000074dd00000, 0x0000000765300000, 0x00000007c0000000)
  eden space 177152K, 0% used [0x000000074dd00000,0x000000074dd00000,0x0000000758a00000)
  from space 14336K, 99% used [0x0000000758a00000,0x00000007597fc010,0x0000000759800000)
  to   space 14336K, 0% used [0x0000000764500000,0x0000000764500000,0x0000000765300000)
 ParOldGen       total 235008K, used 3288K [0x0000000669600000, 0x0000000677b80000, 0x000000074dd00000)
  object space 235008K, 1% used [0x0000000669600000,0x00000006699363d8,0x0000000677b80000)
 Metaspace       used 20470K, capacity 21120K, committed 21296K, reserved 1069056K
  class space    used 2403K, capacity 2599K, committed 2688K, reserved 1048576K
Event: 8.669 GC heap after
Heap after GC invocations=4 (full 1):
 PSYoungGen      total 191488K, used 0K [0x000000074dd00000, 0x0000000765300000, 0x00000007c0000000)
  eden space 177152K, 0% used [0x000000074dd00000,0x000000074dd00000,0x0000000758a00000)
  from space 14336K, 0% used [0x0000000758a00000,0x0000000758a00000,0x0000000759800000)
  to   space 14336K, 0% used [0x0000000764500000,0x0000000764500000,0x0000000765300000)
 ParOldGen       total 162816K, used 17388K [0x0000000669600000, 0x0000000673500000, 0x000000074dd00000)
  object space 162816K, 10% used [0x0000000669600000,0x000000066a6fb090,0x0000000673500000)
 Metaspace       used 20470K, capacity 21120K, committed 21296K, reserved 1069056K
  class space    used 2403K, capacity 2599K, committed 2688K, reserved 1048576K
}

