# JRE version: Java(TM) SE Runtime Environment (8.0_171-b11) (build 1.8.0_171-b11)
# Java VM: Java HotSpot(TM) 64-Bit Server VM (25.171-b11 mixed mode linux-amd64 compressed oops)
Heap:
 PSYoungGen      total 191488K, used 123043K [0x000000074dd00000, 0x000000075a600000, 0x00000007c0000000)
  eden space 177152K, 69% used [0x000000074dd00000,0x0000000755528df0,0x0000000758a00000)
  from space 14336K, 0% used [0x0000000759800000,0x0000000759800000,0x000000075a600000)
  to   space 14336K, 0% used [0x0000000758a00000,0x0000000758a00000,0x0000000759800000)
 ParOldGen       total 143872K, used 14984K [0x0000000669600000, 0x0000000672280000, 0x000000074dd00000)
  object space 143872K, 10% used [0x0000000669600000,0x000000066a4a22c8,0x0000000672280000)
 Metaspace       used 29029K, capacity 29978K, committed 30208K, reserved 1075200K
  class space    used 3514K, capacity 3799K, committed 3840K, reserved 1048576K
GC Heap History (10 events):
Event: 0.986 GC heap before
{Heap before GC invocations=1 (full 0):
 PSYoungGen      total 102912K, used 88576K [0x000000074dd00000, 0x0000000754f80000, 0x00000007c0000000)
  eden space 88576K, 100% used [0x000000074dd00000,0x0000000753380000,0x0000000753380000)
  from space 14336K, 0% used [0x0000000754180000,0x0000000754180000,0x0000000754f80000)
  to   space 14336K, 0% used [0x0000000753380000,0x0000000753380000,0x0000000754180000)
 ParOldGen       total 235008K, used 0K [0x0000000669600000, 0x0000000677b80000, 0x000000074dd00000)
  object space 235008K, 0% used [0x0000000669600000,0x0000000669600000,0x0000000677b80000)
 Metaspace       used 14008K, capacity 14214K, committed 14464K, reserved 1062912K
  class space    used 1753K, capacity 1833K, committed 1920K, reserved 1048576K
Event: 0.996 GC heap after
Heap after GC invocations=1 (full 0):
 PSYoungGen      total 102912K, used 11929K [0x000000074dd00000, 0x0000000754f80000, 0x00000007c0000000)
  eden space 88576K, 0% used [0x000000074dd00000,0x000000074dd00000,0x0000000753380000)
  from space 14336K, 83% used [0x0000000753380000,0x0000000753f26478,0x0000000754180000)
  to   space 14336K, 0% used [0x0000000754180000,0x0000000754180000,0x0000000754f80000)
 ParOldGen       total 235008K, used 8K [0x0000000669600000, 0x0000000677b80000, 0x000000074dd00000)
  object space 235008K, 0% used [0x0000000669600000,0x0000000669602000,0x0000000677b80000)
 Metaspace       used 14008K, capacity 14214K, committed 14464K, reserved 1062912K
  class space    used 1753K, capacity 1833K, committed 1920K, reserved 1048576K
}
Event: 1.787 GC heap before
{Heap before GC invocations=2 (full 0):
 PSYoungGen      total 102912K, used 100505K [0x000000074dd00000, 0x0000000754f80000, 0x00000007c0000000)
  eden space 88576K, 100% used [0x000000074dd00000,0x0000000753380000,0x0000000753380000)
  from space 14336K, 83% used [0x0000000753380000,0x0000000753f26478,0x0000000754180000)
  to   space 14336K, 0% used [0x0000000754180000,0x0000000754180000,0x0000000754f80000)
 ParOldGen       total 235008K, used 8K [0x0000000669600000, 0x0000000677b80000, 0x000000074dd00000)
  object space 235008K, 0% used [0x0000000669600000,0x0000000669602000,0x0000000677b80000)
 Metaspace       used 16789K, capacity 17008K, committed 17280K, reserved 1064960K
  class space    used 1990K, capacity 2070K, committed 2176K, reserved 1048576K
Event: 1.801 GC heap after
Heap after GC invocations=2 (full 0):
 PSYoungGen      total 102912K, used 11201K [0x000000074dd00000, 0x000000075a600000, 0x00000007c0000000)
  eden space 88576K, 0% used [0x000000074dd00000,0x000000074dd00000,0x0000000753380000)
  from space 14336K, 78% used [0x0000000754180000,0x0000000754c707c8,0x0000000754f80000)
  to   space 14336K, 0% used [0x0000000753380000,0x0000000753380000,0x0000000754180000)
 ParOldGen       total 235008K, used 24K [0x0000000669600000, 0x0000000677b80000, 0x000000074dd00000)
  object space 235008K, 0% used [0x0000000669600000,0x0000000669606000,0x0000000677b80000)
 Metaspace       used 16789K, capacity 17008K, committed 17280K, reserved 1064960K
  class space    used 1990K, capacity 2070K, committed 2176K, reserved 1048576K
}
Event: 2.493 GC heap before
{Heap before GC invocations=3 (full 0):
 PSYoungGen      total 102912K, used 99777K [0x000000074dd00000, 0x000000075a600000, 0x00000007c0000000)
  eden space 88576K, 100% used [0x000000074dd00000,0x0000000753380000,0x0000000753380000)
  from space 14336K, 78% used [0x0000000754180000,0x0000000754c707c8,0x0000000754f80000)
  to   space 14336K, 0% used [0x0000000753380000,0x0000000753380000,0x0000000754180000)
 ParOldGen       total 235008K, used 24K [0x0000000669600000, 0x0000000677b80000, 0x000000074dd00000)
  object space 235008K, 0% used [0x0000000669600000,0x0000000669606000,0x0000000677b80000)
 Metaspace       used 19611K, capacity 20152K, committed 20224K, reserved 1067008K
  class space    used 2344K, capacity 2517K, committed 2560K, reserved 1048576K
Event: 2.507 GC heap after
Heap after GC invocations=3 (full 0):
 PSYoungGen      total 102912K, used 14323K [0x000000074dd00000, 0x000000075a600000, 0x00000007c0000000)
  eden space 88576K, 0% used [0x000000074dd00000,0x000000074dd00000,0x0000000753380000)
  from space 14336K, 99% used [0x0000000753380000,0x000000075417ce10,0x0000000754180000)
  to   space 14336K, 0% used [0x0000000759800000,0x0000000759800000,0x000000075a600000)
 ParOldGen       total 235008K, used 1657K [0x0000000669600000, 0x0000000677b80000, 0x000000074dd00000)
  object space 235008K, 0% used [0x0000000669600000,0x000000066979e7d0,0x0000000677b80000)
 Metaspace       used 19611K, capacity 20152K, committed 20224K, reserved 1067008K
  class space    used 2344K, capacity 2517K, committed 2560K, reserved 1048576K
}
Event: 2.804 GC heap before
{Heap before GC invocations=4 (full 0):
 PSYoungGen      total 102912K, used 54930K [0x000000074dd00000, 0x000000075a600000, 0x00000007c0000000)
  eden space 88576K, 45% used [0x000000074dd00000,0x00000007504a7b28,0x0000000753380000)
  from space 14336K, 99% used [0x0000000753380000,0x000000075417ce10,0x0000000754180000)
  to   space 14336K, 0% used [0x0000000759800000,0x0000000759800000,0x000000075a600000)
 ParOldGen       total 235008K, used 1657K [0x0000000669600000, 0x0000000677b80000, 0x000000074dd00000)
  object space 235008K, 0% used [0x0000000669600000,0x000000066979e7d0,0x0000000677b80000)
 Metaspace       used 20485K, capacity 21138K, committed 21296K, reserved 1069056K
  class space    used 2405K, capacity 2601K, committed 2688K, reserved 1048576K
Event: 2.821 GC heap after
Heap after GC invocations=4 (full 0):
 PSYoungGen      total 191488K, used 14320K [0x000000074dd00000, 0x000000075a600000, 0x00000007c0000000)
  eden space 177152K, 0% used [0x000000074dd00000,0x000000074dd00000,0x0000000758a00000)
  from space 14336K, 99% used [0x0000000759800000,0x000000075a5fc050,0x000000075a600000)
  to   space 14336K, 0% used [0x0000000758a00000,0x0000000758a00000,0x0000000759800000)
 ParOldGen       total 235008K, used 2394K [0x0000000669600000, 0x0000000677b80000, 0x000000074dd00000)
  object space 235008K, 1% used [0x0000000669600000,0x0000000669856a60,0x0000000677b80000)
 Metaspace       used 20485K, capacity 21138K, committed 21296K, reserved 1069056K
  class space    used 2405K, capacity 2601K, committed 2688K, reserved 1048576K
}
Event: 2.821 GC heap before
{Heap before GC invocations=5 (full 1):
 PSYoungGen      total 191488K, used 14320K [0x000000074dd00000, 0x000000075a600000, 0x00000007c0000000)
  eden space 177152K, 0% used [0x000000074dd00000,0x000000074dd00000,0x0000000758a00000)
  from space 14336K, 99% used [0x0000000759800000,0x000000075a5fc050,0x000000075a600000)
  to   space 14336K, 0% used [0x0000000758a00000,0x0000000758a00000,0x0000000759800000)
 ParOldGen       total 235008K, used 2394K [0x0000000669600000, 0x0000000677b80000, 0x000000074dd00000)
  object space 235008K, 1% used [0x0000000669600000,0x0000000669856a60,0x0000000677b80000)
 Metaspace       used 20485K, capacity 21138K, committed 21296K, reserved 1069056K
  class space    used 2405K, capacity 2601K, committed 2688K, reserved 1048576K
Event: 2.870 GC heap after
Heap after GC invocations=5 (full 1):
 PSYoungGen      total 191488K, used 0K [0x000000074dd00000, 0x000000075a600000, 0x00000007c0000000)
  eden space 177152K, 0% used [0x000000074dd00000,0x000000074dd00000,0x0000000758a00000)
  from space 14336K, 0% used [0x0000000759800000,0x0000000759800000,0x000000075a600000)
  to   space 14336K, 0% used [0x0000000758a00000,0x0000000758a00000,0x0000000759800000)
 ParOldGen       total 143872K, used 14984K [0x0000000669600000, 0x0000000672280000, 0x000000074dd00000)
  object space 143872K, 10% used [0x0000000669600000,0x000000066a4a22c8,0x0000000672280000)
 Metaspace       used 20485K, capacity 21138K, committed 21296K, reserved 1069056K
  class space    used 2405K, capacity 2601K, committed 2688K, reserved 1048576K
}

