# JRE version: Java(TM) SE Runtime Environment (8.0_171-b11) (build 1.8.0_171-b11)
# Java VM: Java HotSpot(TM) 64-Bit Server VM (25.171-b11 mixed mode linux-amd64 compressed oops)
Heap:
 PSYoungGen      total 191488K, used 123619K [0x000000074dd00000, 0x000000075a600000, 0x00000007c0000000)
  eden space 177152K, 69% used [0x000000074dd00000,0x00000007555b8cc8,0x0000000758a00000)
  from space 14336K, 0% used [0x0000000759800000,0x0000000759800000,0x000000075a600000)
  to   space 14336K, 0% used [0x0000000758a00000,0x0000000758a00000,0x0000000759800000)
 ParOldGen       total 144896K, used 15214K [0x0000000669600000, 0x0000000672380000, 0x000000074dd00000)
  object space 144896K, 10% used [0x0000000669600000,0x000000066a4dba48,0x0000000672380000)
 Metaspace       used 29209K, capacity 30266K, committed 30464K, reserved 1075200K
  class space    used 3529K, capacity 3831K, committed 3840K, reserved 1048576K
GC Heap History (10 events):
Event: 3.736 GC heap before
{Heap before GC invocations=1 (full 0):
 PSYoungGen      total 102912K, used 88576K [0x000000074dd00000, 0x0000000754f80000, 0x00000007c0000000)
  eden space 88576K, 100% used [0x000000074dd00000,0x0000000753380000,0x0000000753380000)
  from space 14336K, 0% used [0x0000000754180000,0x0000000754180000,0x0000000754f80000)
  to   space 14336K, 0% used [0x0000000753380000,0x0000000753380000,0x0000000754180000)
 ParOldGen       total 235008K, used 0K [0x0000000669600000, 0x0000000677b80000, 0x000000074dd00000)
  object space 235008K, 0% used [0x0000000669600000,0x0000000669600000,0x0000000677b80000)
 Metaspace       used 14066K, capacity 14214K, committed 14464K, reserved 1062912K
  class space    used 1754K, capacity 1833K, committed 1920K, reserved 1048576K
Event: 3.757 GC heap after
Heap after GC invocations=1 (full 0):
 PSYoungGen      total 102912K, used 11960K [0x000000074dd00000, 0x0000000754f80000, 0x00000007c0000000)
  eden space 88576K, 0% used [0x000000074dd00000,0x000000074dd00000,0x0000000753380000)
  from space 14336K, 83% used [0x0000000753380000,0x0000000753f2e100,0x0000000754180000)
  to   space 14336K, 0% used [0x0000000754180000,0x0000000754180000,0x0000000754f80000)
 ParOldGen       total 235008K, used 0K [0x0000000669600000, 0x0000000677b80000, 0x000000074dd00000)
  object space 235008K, 0% used [0x0000000669600000,0x0000000669600000,0x0000000677b80000)
 Metaspace       used 14066K, capacity 14214K, committed 14464K, reserved 1062912K
  class space    used 1754K, capacity 1833K, committed 1920K, reserved 1048576K
}
Event: 6.000 GC heap before
{Heap before GC invocations=2 (full 0):
 PSYoungGen      total 102912K, used 100536K [0x000000074dd00000, 0x0000000754f80000, 0x00000007c0000000)
  eden space 88576K, 100% used [0x000000074dd00000,0x0000000753380000,0x0000000753380000)
  from space 14336K, 83% used [0x0000000753380000,0x0000000753f2e100,0x0000000754180000)
  to   space 14336K, 0% used [0x0000000754180000,0x0000000754180000,0x0000000754f80000)
 ParOldGen       total 235008K, used 0K [0x0000000669600000, 0x0000000677b80000, 0x000000074dd00000)
  object space 235008K, 0% used [0x0000000669600000,0x0000000669600000,0x0000000677b80000)
 Metaspace       used 16893K, capacity 17136K, committed 17536K, reserved 1064960K
  class space    used 1990K, capacity 2070K, committed 2176K, reserved 1048576K
Event: 6.032 GC heap after
Heap after GC invocations=2 (full 0):
 PSYoungGen      total 102912K, used 11271K [0x000000074dd00000, 0x0000000754f80000, 0x00000007c0000000)
  eden space 88576K, 0% used [0x000000074dd00000,0x000000074dd00000,0x0000000753380000)
  from space 14336K, 78% used [0x0000000754180000,0x0000000754c81ed0,0x0000000754f80000)
  to   space 14336K, 0% used [0x0000000753380000,0x0000000753380000,0x0000000754180000)
 ParOldGen       total 235008K, used 0K [0x0000000669600000, 0x0000000677b80000, 0x000000074dd00000)
  object space 235008K, 0% used [0x0000000669600000,0x0000000669600000,0x0000000677b80000)
 Metaspace       used 16893K, capacity 17136K, committed 17536K, reserved 1064960K
  class space    used 1990K, capacity 2070K, committed 2176K, reserved 1048576K
}
Event: 7.600 GC heap before
{Heap before GC invocations=3 (full 0):
 PSYoungGen      total 102912K, used 99847K [0x000000074dd00000, 0x0000000754f80000, 0x00000007c0000000)
  eden space 88576K, 100% used [0x000000074dd00000,0x0000000753380000,0x0000000753380000)
  from space 14336K, 78% used [0x0000000754180000,0x0000000754c81ed0,0x0000000754f80000)
  to   space 14336K, 0% used [0x0000000753380000,0x0000000753380000,0x0000000754180000)
 ParOldGen       total 235008K, used 0K [0x0000000669600000, 0x0000000677b80000, 0x000000074dd00000)
  object space 235008K, 0% used [0x0000000669600000,0x0000000669600000,0x0000000677b80000)
 Metaspace       used 19555K, capacity 20088K, committed 20224K, reserved 1067008K
  class space    used 2343K, capacity 2517K, committed 2560K, reserved 1048576K
Event: 7.652 GC heap after
Heap after GC invocations=3 (full 0):
 PSYoungGen      total 102912K, used 14312K [0x000000074dd00000, 0x000000075a600000, 0x00000007c0000000)
  eden space 88576K, 0% used [0x000000074dd00000,0x000000074dd00000,0x0000000753380000)
  from space 14336K, 99% used [0x0000000753380000,0x000000075417a0d0,0x0000000754180000)
  to   space 14336K, 0% used [0x0000000759800000,0x0000000759800000,0x000000075a600000)
 ParOldGen       total 235008K, used 1752K [0x0000000669600000, 0x0000000677b80000, 0x000000074dd00000)
  object space 235008K, 0% used [0x0000000669600000,0x00000006697b6290,0x0000000677b80000)
 Metaspace       used 19555K, capacity 20088K, committed 20224K, reserved 1067008K
  class space    used 2343K, capacity 2517K, committed 2560K, reserved 1048576K
}
Event: 8.374 GC heap before
{Heap before GC invocations=4 (full 0):
 PSYoungGen      total 102912K, used 54969K [0x000000074dd00000, 0x000000075a600000, 0x00000007c0000000)
  eden space 88576K, 45% used [0x000000074dd00000,0x00000007504b4418,0x0000000753380000)
  from space 14336K, 99% used [0x0000000753380000,0x000000075417a0d0,0x0000000754180000)
  to   space 14336K, 0% used [0x0000000759800000,0x0000000759800000,0x000000075a600000)
 ParOldGen       total 235008K, used 1752K [0x0000000669600000, 0x0000000677b80000, 0x000000074dd00000)
  object space 235008K, 0% used [0x0000000669600000,0x00000006697b6290,0x0000000677b80000)
 Metaspace       used 20462K, capacity 21176K, committed 21296K, reserved 1069056K
  class space    used 2413K, capacity 2639K, committed 2688K, reserved 1048576K
Event: 8.430 GC heap after
Heap after GC invocations=4 (full 0):
 PSYoungGen      total 191488K, used 14304K [0x000000074dd00000, 0x000000075a600000, 0x00000007c0000000)
  eden space 177152K, 0% used [0x000000074dd00000,0x000000074dd00000,0x0000000758a00000)
  from space 14336K, 99% used [0x0000000759800000,0x000000075a5f8020,0x000000075a600000)
  to   space 14336K, 0% used [0x0000000758a00000,0x0000000758a00000,0x0000000759800000)
 ParOldGen       total 235008K, used 2830K [0x0000000669600000, 0x0000000677b80000, 0x000000074dd00000)
  object space 235008K, 1% used [0x0000000669600000,0x00000006698c38d8,0x0000000677b80000)
 Metaspace       used 20462K, capacity 21176K, committed 21296K, reserved 1069056K
  class space    used 2413K, capacity 2639K, committed 2688K, reserved 1048576K
}
Event: 8.430 GC heap before
{Heap before GC invocations=5 (full 1):
 PSYoungGen      total 191488K, used 14304K [0x000000074dd00000, 0x000000075a600000, 0x00000007c0000000)
  eden space 177152K, 0% used [0x000000074dd00000,0x000000074dd00000,0x0000000758a00000)
  from space 14336K, 99% used [0x0000000759800000,0x000000075a5f8020,0x000000075a600000)
  to   space 14336K, 0% used [0x0000000758a00000,0x0000000758a00000,0x0000000759800000)
 ParOldGen       total 235008K, used 2830K [0x0000000669600000, 0x0000000677b80000, 0x000000074dd00000)
  object space 235008K, 1% used [0x0000000669600000,0x00000006698c38d8,0x0000000677b80000)
 Metaspace       used 20462K, capacity 21176K, committed 21296K, reserved 1069056K
  class space    used 2413K, capacity 2639K, committed 2688K, reserved 1048576K
Event: 8.629 GC heap after
Heap after GC invocations=5 (full 1):
 PSYoungGen      total 191488K, used 0K [0x000000074dd00000, 0x000000075a600000, 0x00000007c0000000)
  eden space 177152K, 0% used [0x000000074dd00000,0x000000074dd00000,0x0000000758a00000)
  from space 14336K, 0% used [0x0000000759800000,0x0000000759800000,0x000000075a600000)
  to   space 14336K, 0% used [0x0000000758a00000,0x0000000758a00000,0x0000000759800000)
 ParOldGen       total 144896K, used 15214K [0x0000000669600000, 0x0000000672380000, 0x000000074dd00000)
  object space 144896K, 10% used [0x0000000669600000,0x000000066a4dba48,0x0000000672380000)
 Metaspace       used 20462K, capacity 21176K, committed 21296K, reserved 1069056K
  class space    used 2413K, capacity 2639K, committed 2688K, reserved 1048576K
}

